<?xml version="1.0" encoding="UTF-8"?>
<testng-results ignored="0" total="1" passed="1" failed="0" skipped="0">
  <reporter-output>
  </reporter-output>
  <suite started-at="2024-06-15T09:54:24 IST" name="Default suite" finished-at="2024-06-15T09:54:33 IST" duration-ms="8867">
    <groups>
    </groups>
    <test started-at="2024-06-15T09:54:24 IST" name="Default test" finished-at="2024-06-15T09:54:33 IST" duration-ms="8867">
      <class name="com.tricentis.books.TC_DWS_005_Test">
        <test-method is-config="true" signature="configReports()[pri:0, instance:com.tricentis.books.TC_DWS_005_Test@6771beb3]" started-at="2024-06-15T09:54:24 IST" name="configReports" finished-at="2024-06-15T09:54:24 IST" duration-ms="159" status="PASS">
          <reporter-output>
          </reporter-output>
        </test-method> <!-- configReports -->
        <test-method is-config="true" signature="launchBrowser(java.lang.String)[pri:0, instance:com.tricentis.books.TC_DWS_005_Test@6771beb3]" started-at="2024-06-15T09:54:24 IST" name="launchBrowser" finished-at="2024-06-15T09:54:29 IST" duration-ms="4598" status="PASS">
          <params>
            <param index="0">
              <value>
                <![CDATA[chrome]]>
              </value>
            </param>
          </params>
          <reporter-output>
          </reporter-output>
        </test-method> <!-- launchBrowser -->
        <test-method is-config="true" signature="login(java.lang.reflect.Method)[pri:0, instance:com.tricentis.books.TC_DWS_005_Test@6771beb3]" started-at="2024-06-15T09:54:29 IST" name="login" finished-at="2024-06-15T09:54:31 IST" duration-ms="1530" status="PASS">
          <params>
            <param index="0">
              <value>
                <![CDATA[public void com.tricentis.books.TC_DWS_005_Test.clickOnBooks() throws org.apache.poi.EncryptedDocumentException,java.io.IOException]]>
              </value>
            </param>
          </params>
          <reporter-output>
          </reporter-output>
        </test-method> <!-- login -->
        <test-method signature="clickOnBooks()[pri:0, instance:com.tricentis.books.TC_DWS_005_Test@6771beb3]" started-at="2024-06-15T09:54:31 IST" name="clickOnBooks" finished-at="2024-06-15T09:54:32 IST" duration-ms="1655" status="PASS">
          <reporter-output>
          </reporter-output>
        </test-method> <!-- clickOnBooks -->
        <test-method is-config="true" signature="logout()[pri:0, instance:com.tricentis.books.TC_DWS_005_Test@6771beb3]" started-at="2024-06-15T09:54:32 IST" name="logout" finished-at="2024-06-15T09:54:33 IST" duration-ms="819" status="PASS">
          <reporter-output>
          </reporter-output>
        </test-method> <!-- logout -->
        <test-method is-config="true" signature="closeBrowser()[pri:0, instance:com.tricentis.books.TC_DWS_005_Test@6771beb3]" started-at="2024-06-15T09:54:33 IST" name="closeBrowser" finished-at="2024-06-15T09:54:33 IST" duration-ms="231" status="PASS">
          <reporter-output>
          </reporter-output>
        </test-method> <!-- closeBrowser -->
        <test-method is-config="true" signature="reportBackup()[pri:0, instance:com.tricentis.books.TC_DWS_005_Test@6771beb3]" started-at="2024-06-15T09:54:33 IST" name="reportBackup" finished-at="2024-06-15T09:54:34 IST" duration-ms="209" status="PASS">
          <reporter-output>
          </reporter-output>
        </test-method> <!-- reportBackup -->
      </class> <!-- com.tricentis.books.TC_DWS_005_Test -->
    </test> <!-- Default test -->
  </suite> <!-- Default suite -->
</testng-results>
